{"level":"info","message":"Server listening at port 3090","timestamp":"2018-07-05T08:20:53.467Z"}
{"level":"info","message":"Connected to mongodb server.","timestamp":"2018-07-05T08:20:53.484Z"}
{"level":"info","message":"00 mark: on 'checklogin', getUser={\"_id\":\"5970857709e82bd6929db057\"}","timestamp":"2018-07-05T08:21:21.837Z"}
{"level":"info","message":"00 mark: on 'checklogin', getUser={\"_id\":\"5970857709e82bd6929db057\"}","timestamp":"2018-07-05T08:21:33.543Z"}
{"level":"info","message":"00 mark: on 'checklogin', getUser={\"_id\":\"5970857709e82bd6929db057\"}","timestamp":"2018-07-05T08:21:37.385Z"}
{"level":"info","message":"00 mark: on 'checklogin', getUser={\"_id\":\"5970857709e82bd6929db057\"}","timestamp":"2018-07-05T08:22:23.745Z"}
{"level":"info","message":"00 mark: on 'checklogin', getUser={\"_id\":\"5970857709e82bd6929db057\"}","timestamp":"2018-07-05T08:22:27.682Z"}
{"level":"info","message":"00 mark: on 'checklogin', getUser={\"_id\":\"5970857709e82bd6929db057\"}","timestamp":"2018-07-05T08:23:53.744Z"}
{"level":"info","message":"00 mark: on 'checklogin', getUser={\"_id\":\"5970857709e82bd6929db057\"}","timestamp":"2018-07-05T08:23:55.509Z"}
{"level":"info","message":"00 mark: on 'checklogin', getUser={\"_id\":\"5970857709e82bd6929db057\"}","timestamp":"2018-07-05T08:24:18.723Z"}
{"level":"info","message":"Server listening at port 3333","timestamp":"2018-07-05T08:30:01.976Z"}
{"level":"info","message":"Connected to mongodb server.","timestamp":"2018-07-05T08:30:01.992Z"}
{"level":"info","message":"00 mark: on 'checklogin', getUser={\"_id\":\"5970857709e82bd6929db057\"}","timestamp":"2018-07-05T08:30:22.884Z"}
{"level":"info","message":"logging in hello3@123.com","timestamp":"2018-07-05T08:30:22.891Z"}
{"level":"info","message":"logging in 2 hello3@123.com, getUser={\"_id\":\"5970857709e82bd6929db057\",\"displayname\":\"hello3\",\"department\":\"Hello Department\",\"username\":\"hello3@123.com\",\"userType\":0,\"points\":65,\"teamId\":\"2\",\"salt\":\"fb180b98ef2200a6a1f197477480cce1\",\"password\":\"7c40b93c4ae8813242ec41e6abe6f07eba1a9f34269fcc61c9afdc6f9aed612b\",\"login\":\"2018-07-05T08:23:53.670Z\"}","timestamp":"2018-07-05T08:30:22.899Z"}
{"level":"info","message":"00 mark: on 'checklogin', getUser={\"_id\":\"5970857709e82bd6929db057\"}","timestamp":"2018-07-05T08:30:28.042Z"}
{"level":"info","message":"Server listening at port 3090","timestamp":"2018-07-05T09:12:37.401Z"}
{"level":"info","message":"Connected to mongodb server.","timestamp":"2018-07-05T09:12:37.414Z"}
{"level":"info","message":"00 mark: on 'checklogin', getUser={\"_id\":\"5970857709e82bd6929db057\"}","timestamp":"2018-07-05T09:13:40.063Z"}
{"level":"info","message":"logging in hello3@123.com","timestamp":"2018-07-05T09:13:40.069Z"}
{"level":"info","message":"logging in 2 hello3@123.com, getUser={\"_id\":\"5970857709e82bd6929db057\",\"displayname\":\"hello3\",\"department\":\"Hello Department\",\"username\":\"hello3@123.com\",\"userType\":0,\"points\":65,\"teamId\":\"2\",\"salt\":\"fb180b98ef2200a6a1f197477480cce1\",\"password\":\"7c40b93c4ae8813242ec41e6abe6f07eba1a9f34269fcc61c9afdc6f9aed612b\",\"login\":\"2018-07-05T08:30:22.899Z\"}","timestamp":"2018-07-05T09:13:40.076Z"}
{"level":"info","message":"00 mark: on 'checklogin', getUser={\"_id\":\"5970857709e82bd6929db057\"}","timestamp":"2018-07-05T09:13:45.825Z"}
{"level":"info","message":"00 mark: on 'checklogin', getUser={\"_id\":\"5970857709e82bd6929db057\"}","timestamp":"2018-07-05T09:13:47.392Z"}
{"level":"info","message":"00 mark: on 'checklogin', getUser={\"_id\":\"5970857709e82bd6929db057\"}","timestamp":"2018-07-05T09:13:52.637Z"}
{"level":"info","message":"00 mark: on 'checklogin', getUser={\"_id\":\"5970857709e82bd6929db057\"}","timestamp":"2018-07-05T09:20:19.554Z"}
{"level":"info","message":"00 mark: on 'checklogin', getUser={\"_id\":\"5970857709e82bd6929db057\"}","timestamp":"2018-07-05T09:20:22.215Z"}
{"level":"info","message":"00 mark: on 'checklogin', getUser={\"_id\":\"5970857709e82bd6929db057\"}","timestamp":"2018-07-05T09:20:25.694Z"}
{"level":"info","message":"00 mark: on 'checklogin', getUser={\"_id\":\"5970857709e82bd6929db057\"}","timestamp":"2018-07-05T09:20:31.694Z"}
{"level":"info","message":"00 mark: on 'checklogin', getUser={\"_id\":\"5970857709e82bd6929db057\"}","timestamp":"2018-07-05T09:20:34.678Z"}
{"level":"info","message":"00 mark: on 'checklogin', getUser={\"_id\":\"5970857709e82bd6929db057\"}","timestamp":"2018-07-05T09:20:36.882Z"}
{"level":"info","message":"00 mark: on 'checklogin', getUser={\"_id\":\"5970857709e82bd6929db057\"}","timestamp":"2018-07-05T09:20:38.401Z"}
{"level":"info","message":"00 mark: on 'checklogin', getUser={\"_id\":\"5970857709e82bd6929db057\"}","timestamp":"2018-07-05T09:20:48.431Z"}
{"level":"info","message":"00 mark: on 'checklogin', getUser={\"_id\":\"5970857709e82bd6929db057\"}","timestamp":"2018-07-05T09:21:06.782Z"}
{"level":"info","message":"00 mark: on 'checklogin', getUser={\"_id\":\"5970857709e82bd6929db057\"}","timestamp":"2018-07-05T09:34:39.845Z"}
{"level":"info","message":"00 mark: on 'checklogin', getUser={\"_id\":\"5970857709e82bd6929db057\"}","timestamp":"2018-07-05T09:34:41.114Z"}
{"level":"info","message":"00 mark: on 'checklogin', getUser={\"_id\":\"5970857709e82bd6929db057\"}","timestamp":"2018-07-05T09:34:42.401Z"}
{"level":"info","message":"00 mark: on 'checklogin', getUser={\"_id\":\"5970857709e82bd6929db057\"}","timestamp":"2018-07-05T09:34:43.171Z"}
{"level":"info","message":"00 mark: on 'checklogin', getUser={\"_id\":\"5970857709e82bd6929db057\"}","timestamp":"2018-07-05T09:34:46.643Z"}
{"level":"info","message":"00 mark: on 'checklogin', getUser={\"_id\":\"5970857709e82bd6929db057\"}","timestamp":"2018-07-05T09:34:47.456Z"}
{"level":"info","message":"00 mark: on 'checklogin', getUser={\"_id\":\"5970857709e82bd6929db057\"}","timestamp":"2018-07-05T09:35:16.727Z"}
{"level":"info","message":"00 mark: on 'checklogin', getUser={\"_id\":\"5970857709e82bd6929db057\"}","timestamp":"2018-07-05T09:35:28.960Z"}
{"level":"info","message":"00 mark: on 'checklogin', getUser={\"_id\":\"5970857709e82bd6929db057\"}","timestamp":"2018-07-05T09:53:37.453Z"}
{"level":"info","message":"logging in hello3@123.com","timestamp":"2018-07-05T09:53:37.457Z"}
{"level":"info","message":"logging in 2 hello3@123.com, getUser={\"_id\":\"5970857709e82bd6929db057\",\"displayname\":\"hello3\",\"department\":\"Hello Department\",\"username\":\"hello3@123.com\",\"userType\":0,\"points\":65,\"teamId\":\"2\",\"salt\":\"fb180b98ef2200a6a1f197477480cce1\",\"password\":\"7c40b93c4ae8813242ec41e6abe6f07eba1a9f34269fcc61c9afdc6f9aed612b\",\"login\":\"2018-07-05T09:20:19.522Z\"}","timestamp":"2018-07-05T09:53:37.458Z"}
{"level":"info","message":"00 mark: on 'checklogin', getUser={\"_id\":\"5970857709e82bd6929db057\"}","timestamp":"2018-07-05T09:55:52.952Z"}
{"level":"info","message":"00 mark: on 'checklogin', getUser={\"_id\":\"5970857709e82bd6929db057\"}","timestamp":"2018-07-05T09:55:54.302Z"}
{"level":"info","message":"00 mark: on 'checklogin', getUser={\"_id\":\"5970857709e82bd6929db057\"}","timestamp":"2018-07-05T09:55:57.236Z"}
{"level":"info","message":"Server listening at port 3090","timestamp":"2018-07-05T10:15:27.463Z"}
{"level":"info","message":"Connected to mongodb server.","timestamp":"2018-07-05T10:15:27.476Z"}
{"level":"info","message":"00 mark: on 'checklogin', getUser={\"_id\":\"5970857709e82bd6929db057\"}","timestamp":"2018-07-05T10:15:48.480Z"}
{"level":"info","message":"00 mark: on 'checklogin', getUser={\"_id\":\"5970857709e82bd6929db057\"}","timestamp":"2018-07-05T10:15:51.591Z"}
{"level":"info","message":"00 mark: on 'checklogin', getUser={\"_id\":\"5970857709e82bd6929db057\"}","timestamp":"2018-07-05T10:15:53.900Z"}
{"level":"info","message":"Server listening at port 3090","timestamp":"2018-07-05T10:16:45.654Z"}
{"level":"info","message":"Connected to mongodb server.","timestamp":"2018-07-05T10:16:45.667Z"}
{"level":"info","message":"00 mark: on 'checklogin', getUser={\"_id\":\"5970857709e82bd6929db057\"}","timestamp":"2018-07-05T10:17:01.498Z"}
{"level":"info","message":"00 mark: on 'checklogin', getUser={\"_id\":\"5970857709e82bd6929db057\"}","timestamp":"2018-07-05T10:17:03.247Z"}
{"level":"info","message":"00 mark: on 'checklogin', getUser={\"_id\":\"5970857709e82bd6929db057\"}","timestamp":"2018-07-05T10:17:06.104Z"}
{"level":"error","message":"Worker 49082 died with code: 1, and signal: null","timestamp":"2018-07-05T12:18:43.883Z"}
{"level":"info","message":"Starting a new worker","timestamp":"2018-07-05T12:18:43.883Z"}
{"level":"error","message":"Worker 49083 died with code: 1, and signal: null","timestamp":"2018-07-05T12:18:44.498Z"}
{"level":"info","message":"Starting a new worker","timestamp":"2018-07-05T12:18:44.498Z"}
{"level":"error","message":"Worker 49084 died with code: 1, and signal: null","timestamp":"2018-07-05T12:18:45.113Z"}
{"level":"info","message":"Starting a new worker","timestamp":"2018-07-05T12:18:45.113Z"}
{"level":"error","message":"Worker 49085 died with code: 1, and signal: null","timestamp":"2018-07-05T12:18:45.740Z"}
{"level":"info","message":"Starting a new worker","timestamp":"2018-07-05T12:18:45.740Z"}
{"level":"error","message":"Worker 49086 died with code: 1, and signal: null","timestamp":"2018-07-05T12:18:46.365Z"}
{"level":"info","message":"Starting a new worker","timestamp":"2018-07-05T12:18:46.366Z"}
{"level":"error","message":"Worker 49087 died with code: 1, and signal: null","timestamp":"2018-07-05T12:18:46.990Z"}
{"level":"info","message":"Starting a new worker","timestamp":"2018-07-05T12:18:46.990Z"}
{"level":"error","message":"Worker 49088 died with code: 1, and signal: null","timestamp":"2018-07-05T12:18:47.604Z"}
{"level":"info","message":"Starting a new worker","timestamp":"2018-07-05T12:18:47.604Z"}
{"level":"error","message":"Worker 49089 died with code: 1, and signal: null","timestamp":"2018-07-05T12:18:48.243Z"}
{"level":"info","message":"Starting a new worker","timestamp":"2018-07-05T12:18:48.243Z"}
{"level":"error","message":"Worker 49090 died with code: 1, and signal: null","timestamp":"2018-07-05T12:18:48.889Z"}
{"level":"info","message":"Starting a new worker","timestamp":"2018-07-05T12:18:48.890Z"}
